#
# There is insufficient memory for the Java Runtime Environment to continue.
# Native memory allocation (mmap) failed to map 39321600 bytes for committing reserved memory.
# Possible reasons:
#   The system is out of physical RAM or swap space
#   In 32 bit mode, the process size limit was hit
# Possible solutions:
#   Reduce memory load on the system
#   Increase physical memory or swap space
#   Check if swap backing store is full
#   Use 64 bit Java on a 64 bit OS
#   Decrease Java heap size (-Xmx/-Xms)
#   Decrease number of Java threads
#   Decrease Java thread stack sizes (-Xss)
#   Set larger code cache with -XX:ReservedCodeCacheSize=
# This output file may be truncated or incomplete.
#
#  Out of Memory Error (os_linux.cpp:2746), pid=14594, tid=0x00007ff9a8efe700
#
# JRE version: OpenJDK Runtime Environment (8.0_191-b12) (build 1.8.0_191-8u191-b12-2ubuntu0.16.04.1-b12)
# Java VM: OpenJDK 64-Bit Server VM (25.191-b12 mixed mode linux-amd64 compressed oops)
# Failed to write core dump. Core dumps have been disabled. To enable core dumping, try "ulimit -c unlimited" before starting Java again
#

---------------  T H R E A D  ---------------

Current thread (0x00007ff9b8074800):  VMThread [stack: 0x00007ff9a8dfe000,0x00007ff9a8eff000] [id=14623]

Stack: [0x00007ff9a8dfe000,0x00007ff9a8eff000],  sp=0x00007ff9a8efd480,  free space=1021k
Native frames: (J=compiled Java code, j=interpreted, Vv=VM code, C=native code)
V  [libjvm.so+0xa7414b]
V  [libjvm.so+0x4c8ebc]
V  [libjvm.so+0x8c0c98]
V  [libjvm.so+0x8b82ce]
V  [libjvm.so+0x936566]
V  [libjvm.so+0x925bfa]
V  [libjvm.so+0x925e03]
V  [libjvm.so+0x926768]
V  [libjvm.so+0x92ca2e]
V  [libjvm.so+0x9343cd]
V  [libjvm.so+0x8e5b23]
V  [libjvm.so+0xa75df2]
V  [libjvm.so+0xa7af97]
V  [libjvm.so+0xa78697]
V  [libjvm.so+0xa79b1f]
V  [libjvm.so+0xa7a011]
V  [libjvm.so+0x8be002]

VM_Operation (0x00007ff9c22463d0): ParallelGCFailedAllocation, mode: safepoint, requested by thread 0x00007ff9b800b000


---------------  P R O C E S S  ---------------

Java Threads: ( => current thread )
  0x00007ff9b80ba000 JavaThread "Service Thread" daemon [_thread_blocked, id=14629, stack(0x00007ff9a8660000,0x00007ff9a8761000)]
  0x00007ff9b80b7000 JavaThread "C1 CompilerThread1" daemon [_thread_blocked, id=14628, stack(0x00007ff9a8761000,0x00007ff9a8862000)]
  0x00007ff9b80b4000 JavaThread "C2 CompilerThread0" daemon [_thread_blocked, id=14627, stack(0x00007ff9a8862000,0x00007ff9a8963000)]
  0x00007ff9b80b2800 JavaThread "Signal Dispatcher" daemon [_thread_blocked, id=14626, stack(0x00007ff9a8963000,0x00007ff9a8a64000)]
  0x00007ff9b8080800 JavaThread "Finalizer" daemon [_thread_blocked, id=14625, stack(0x00007ff9a8bfc000,0x00007ff9a8cfd000)]
  0x00007ff9b807e000 JavaThread "Reference Handler" daemon [_thread_blocked, id=14624, stack(0x00007ff9a8cfd000,0x00007ff9a8dfe000)]
  0x00007ff9b800b000 JavaThread "main" [_thread_blocked, id=14620, stack(0x00007ff9c2148000,0x00007ff9c2249000)]

Other Threads:
=>0x00007ff9b8074800 VMThread [stack: 0x00007ff9a8dfe000,0x00007ff9a8eff000] [id=14623]
  0x00007ff9b80bc800 WatcherThread [stack: 0x00007ff9a855f000,0x00007ff9a8660000] [id=14630]

VM state:at safepoint (normal execution)

VM Mutex/Monitor currently owned by a thread:  ([mutex/lock_event])
[0x00007ff9b8006c00] ExpandHeap_lock - owner thread: 0x00007ff9b8074800
[0x00007ff9b8007280] Threads_lock - owner thread: 0x00007ff9b8074800
[0x00007ff9b8007780] Heap_lock - owner thread: 0x00007ff9b800b000

Heap:
 PSYoungGen      total 129536K, used 0K [0x00000000f5900000, 0x0000000100000000, 0x0000000100000000)
  eden space 115712K, 0% used [0x00000000f5900000,0x00000000f5900000,0x00000000fca00000)
  from space 13824K, 0% used [0x00000000ff280000,0x00000000ff280000,0x0000000100000000)
  to   space 27648K, 0% used [0x00000000fca00000,0x00000000fca00000,0x00000000fe500000)
 ParOldGen       total 61440K, used 56206K [0x00000000e0a00000, 0x00000000e4600000, 0x00000000f5900000)
  object space 61440K, 91% used [0x00000000e0a00000,0x00000000e40e38a0,0x00000000e4600000)
 Metaspace       used 30802K, capacity 31914K, committed 32000K, reserved 1077248K
  class space    used 3550K, capacity 3803K, committed 3840K, reserved 1048576K

Card table byte_map: [0x00007ff9be6f0000,0x00007ff9be7ec000] byte_map_base: 0x00007ff9bdfeb000

Marking Bits: (ParMarkBitMap*) 0x00007ff9c140f520
 Begin Bits: [0x00007ff9bd53e000, 0x00007ff9bdd16000)
 End Bits:   [0x00007ff9bdd16000, 0x00007ff9be4ee000)

Polling page: 0x00007ff9c2263000

CodeCache: size=245760Kb used=16711Kb max_used=16730Kb free=229048Kb
 bounds [0x00007ff9a9000000, 0x00007ff9aa080000, 0x00007ff9b8000000]
 total_blobs=5724 nmethods=5334 adapters=304
 compilation: enabled

Compilation events (10 events):
Event: 7.559 Thread 0x00007ff9b80b4000 6069       4       java.util.zip.ZipFile$ZipEntryIterator::nextElement (5 bytes)
Event: 7.560 Thread 0x00007ff9b80b4000 nmethod 6069 0x00007ff9aa044c50 code [0x00007ff9aa044de0, 0x00007ff9aa045328]
Event: 7.560 Thread 0x00007ff9b80b4000 6070       4       java.io.ByteArrayOutputStream::ensureCapacity (16 bytes)
Event: 7.561 Thread 0x00007ff9b80b4000 nmethod 6070 0x00007ff9aa04dd10 code [0x00007ff9aa04de60, 0x00007ff9aa04df08]
Event: 7.664 Thread 0x00007ff9b80b7000 6072       3       java.io.FileOutputStream::write (12 bytes)
Event: 7.667 Thread 0x00007ff9b80b7000 nmethod 6072 0x00007ff9aa0527d0 code [0x00007ff9aa052940, 0x00007ff9aa052ac8]
Event: 7.681 Thread 0x00007ff9b80b4000 6073       4       sun.util.calendar.CalendarDate::<init> (16 bytes)
Event: 7.681 Thread 0x00007ff9b80b4000 nmethod 6073 0x00007ff9a9876090 code [0x00007ff9a98761e0, 0x00007ff9a9876258]
Event: 7.764 Thread 0x00007ff9b80b4000 6074       4       java.lang.Float::isNaN (12 bytes)
Event: 7.765 Thread 0x00007ff9b80b4000 nmethod 6074 0x00007ff9a9a2af50 code [0x00007ff9a9a2b0a0, 0x00007ff9a9a2b118]

GC Heap History (10 events):
Event: 5.669 GC heap after
Heap after GC invocations=18 (full 1):
 PSYoungGen      total 152064K, used 7461K [0x00000000f5900000, 0x0000000100000000, 0x0000000100000000)
  eden space 144384K, 0% used [0x00000000f5900000,0x00000000f5900000,0x00000000fe600000)
  from space 7680K, 97% used [0x00000000fe600000,0x00000000fed497b8,0x00000000fed80000)
  to   space 13824K, 0% used [0x00000000ff280000,0x00000000ff280000,0x0000000100000000)
 ParOldGen       total 35328K, used 35239K [0x00000000e0a00000, 0x00000000e2c80000, 0x00000000f5900000)
  object space 35328K, 99% used [0x00000000e0a00000,0x00000000e2c69ce0,0x00000000e2c80000)
 Metaspace       used 28445K, capacity 29344K, committed 29696K, reserved 1075200K
  class space    used 3250K, capacity 3485K, committed 3584K, reserved 1048576K
}
Event: 5.669 GC heap before
{Heap before GC invocations=19 (full 2):
 PSYoungGen      total 152064K, used 7461K [0x00000000f5900000, 0x0000000100000000, 0x0000000100000000)
  eden space 144384K, 0% used [0x00000000f5900000,0x00000000f5900000,0x00000000fe600000)
  from space 7680K, 97% used [0x00000000fe600000,0x00000000fed497b8,0x00000000fed80000)
  to   space 13824K, 0% used [0x00000000ff280000,0x00000000ff280000,0x0000000100000000)
 ParOldGen       total 35328K, used 35239K [0x00000000e0a00000, 0x00000000e2c80000, 0x00000000f5900000)
  object space 35328K, 99% used [0x00000000e0a00000,0x00000000e2c69ce0,0x00000000e2c80000)
 Metaspace       used 28445K, capacity 29344K, committed 29696K, reserved 1075200K
  class space    used 3250K, capacity 3485K, committed 3584K, reserved 1048576K
Event: 5.765 GC heap after
Heap after GC invocations=19 (full 2):
 PSYoungGen      total 152064K, used 0K [0x00000000f5900000, 0x0000000100000000, 0x0000000100000000)
  eden space 144384K, 0% used [0x00000000f5900000,0x00000000f5900000,0x00000000fe600000)
  from space 7680K, 0% used [0x00000000fe600000,0x00000000fe600000,0x00000000fed80000)
  to   space 13824K, 0% used [0x00000000ff280000,0x00000000ff280000,0x0000000100000000)
 ParOldGen       total 59904K, used 31446K [0x00000000e0a00000, 0x00000000e4480000, 0x00000000f5900000)
  object space 59904K, 52% used [0x00000000e0a00000,0x00000000e28b59e0,0x00000000e4480000)
 Metaspace       used 28445K, capacity 29344K, committed 29696K, reserved 1075200K
  class space    used 3250K, capacity 3485K, committed 3584K, reserved 1048576K
}
Event: 6.134 GC heap before
{Heap before GC invocations=20 (full 2):
 PSYoungGen      total 152064K, used 144384K [0x00000000f5900000, 0x0000000100000000, 0x0000000100000000)
  eden space 144384K, 100% used [0x00000000f5900000,0x00000000fe600000,0x00000000fe600000)
  from space 7680K, 0% used [0x00000000fe600000,0x00000000fe600000,0x00000000fed80000)
  to   space 13824K, 0% used [0x00000000ff280000,0x00000000ff280000,0x0000000100000000)
 ParOldGen       total 59904K, used 31446K [0x00000000e0a00000, 0x00000000e4480000, 0x00000000f5900000)
  object space 59904K, 52% used [0x00000000e0a00000,0x00000000e28b59e0,0x00000000e4480000)
 Metaspace       used 30033K, capacity 31062K, committed 31232K, reserved 1077248K
  class space    used 3473K, capacity 3735K, committed 3840K, reserved 1048576K
Event: 6.140 GC heap after
Heap after GC invocations=20 (full 2):
 PSYoungGen      total 158208K, used 3201K [0x00000000f5900000, 0x0000000100000000, 0x0000000100000000)
  eden space 144384K, 0% used [0x00000000f5900000,0x00000000f5900000,0x00000000fe600000)
  from space 13824K, 23% used [0x00000000ff280000,0x00000000ff5a0698,0x0000000100000000)
  to   space 12800K, 0% used [0x00000000fe600000,0x00000000fe600000,0x00000000ff280000)
 ParOldGen       total 59904K, used 31454K [0x00000000e0a00000, 0x00000000e4480000, 0x00000000f5900000)
  object space 59904K, 52% used [0x00000000e0a00000,0x00000000e28b79e0,0x00000000e4480000)
 Metaspace       used 30033K, capacity 31062K, committed 31232K, reserved 1077248K
  class space    used 3473K, capacity 3735K, committed 3840K, reserved 1048576K
}
Event: 6.977 GC heap before
{Heap before GC invocations=21 (full 2):
 PSYoungGen      total 158208K, used 147585K [0x00000000f5900000, 0x0000000100000000, 0x0000000100000000)
  eden space 144384K, 100% used [0x00000000f5900000,0x00000000fe600000,0x00000000fe600000)
  from space 13824K, 23% used [0x00000000ff280000,0x00000000ff5a0698,0x0000000100000000)
  to   space 12800K, 0% used [0x00000000fe600000,0x00000000fe600000,0x00000000ff280000)
 ParOldGen       total 59904K, used 31454K [0x00000000e0a00000, 0x00000000e4480000, 0x00000000f5900000)
  object space 59904K, 52% used [0x00000000e0a00000,0x00000000e28b79e0,0x00000000e4480000)
 Metaspace       used 30801K, capacity 31914K, committed 32000K, reserved 1077248K
  class space    used 3550K, capacity 3803K, committed 3840K, reserved 1048576K
Event: 6.995 GC heap after
Heap after GC invocations=21 (full 2):
 PSYoungGen      total 157184K, used 12794K [0x00000000f5900000, 0x0000000100000000, 0x0000000100000000)
  eden space 144384K, 0% used [0x00000000f5900000,0x00000000f5900000,0x00000000fe600000)
  from space 12800K, 99% used [0x00000000fe600000,0x00000000ff27e808,0x00000000ff280000)
  to   space 13824K, 0% used [0x00000000ff280000,0x00000000ff280000,0x0000000100000000)
 ParOldGen       total 59904K, used 46025K [0x00000000e0a00000, 0x00000000e4480000, 0x00000000f5900000)
  object space 59904K, 76% used [0x00000000e0a00000,0x00000000e36f24d8,0x00000000e4480000)
 Metaspace       used 30801K, capacity 31914K, committed 32000K, reserved 1077248K
  class space    used 3550K, capacity 3803K, committed 3840K, reserved 1048576K
}
Event: 7.857 GC heap before
{Heap before GC invocations=22 (full 2):
 PSYoungGen      total 157184K, used 157178K [0x00000000f5900000, 0x0000000100000000, 0x0000000100000000)
  eden space 144384K, 100% used [0x00000000f5900000,0x00000000fe600000,0x00000000fe600000)
  from space 12800K, 99% used [0x00000000fe600000,0x00000000ff27e808,0x00000000ff280000)
  to   space 13824K, 0% used [0x00000000ff280000,0x00000000ff280000,0x0000000100000000)
 ParOldGen       total 59904K, used 46025K [0x00000000e0a00000, 0x00000000e4480000, 0x00000000f5900000)
  object space 59904K, 76% used [0x00000000e0a00000,0x00000000e36f24d8,0x00000000e4480000)
 Metaspace       used 30802K, capacity 31914K, committed 32000K, reserved 1077248K
  class space    used 3550K, capacity 3803K, committed 3840K, reserved 1048576K
Event: 7.885 GC heap after
Heap after GC invocations=22 (full 2):
 PSYoungGen      total 129536K, used 13811K [0x00000000f5900000, 0x0000000100000000, 0x0000000100000000)
  eden space 115712K, 0% used [0x00000000f5900000,0x00000000f5900000,0x00000000fca00000)
  from space 13824K, 99% used [0x00000000ff280000,0x00000000ffffcca0,0x0000000100000000)
  to   space 27648K, 0% used [0x00000000fca00000,0x00000000fca00000,0x00000000fe500000)
 ParOldGen       total 61440K, used 61242K [0x00000000e0a00000, 0x00000000e4600000, 0x00000000f5900000)
  object space 61440K, 99% used [0x00000000e0a00000,0x00000000e45ceac0,0x00000000e4600000)
 Metaspace       used 30802K, capacity 31914K, committed 32000K, reserved 1077248K
  class space    used 3550K, capacity 3803K, committed 3840K, reserved 1048576K
}
Event: 7.888 GC heap before
{Heap before GC invocations=23 (full 3):
 PSYoungGen      total 129536K, used 13811K [0x00000000f5900000, 0x0000000100000000, 0x0000000100000000)
  eden space 115712K, 0% used [0x00000000f5900000,0x00000000f5900000,0x00000000fca00000)
  from space 13824K, 99% used [0x00000000ff280000,0x00000000ffffcca0,0x0000000100000000)
  to   space 27648K, 0% used [0x00000000fca00000,0x00000000fca00000,0x00000000fe500000)
 ParOldGen       total 61440K, used 61242K [0x00000000e0a00000, 0x00000000e4600000, 0x00000000f5900000)
  object space 61440K, 99% used [0x00000000e0a00000,0x00000000e45ceac0,0x00000000e4600000)
 Metaspace       used 30802K, capacity 31914K, committed 32000K, reserved 1077248K
  class space    used 3550K, capacity 3803K, committed 3840K, reserved 1048576K

Deoptimization events (10 events):
Event: 5.241 Thread 0x00007ff9b800b000 Uncommon trap: reason=unstable_if action=reinterpret pc=0x00007ff9a946fcf8 method=com.google.inject.internal.asm.$Type.getArgumentsAndReturnSizes(Ljava/lang/String;)I @ 130
Event: 5.316 Thread 0x00007ff9b800b000 Uncommon trap: reason=unstable_if action=reinterpret pc=0x00007ff9a9dfd680 method=org.codehaus.plexus.util.xml.pull.MXParser.parseAttribute()C @ 1002
Event: 5.432 Thread 0x00007ff9b800b000 Uncommon trap: reason=unstable_if action=reinterpret pc=0x00007ff9a9cb2b10 method=java.util.Properties.load0(Ljava/util/Properties$LineReader;)V @ 145
Event: 5.476 Thread 0x00007ff9b800b000 Uncommon trap: reason=class_check action=maybe_recompile pc=0x00007ff9a9a3f664 method=java.util.Properties$LineReader.readLine()I @ 62
Event: 5.476 Thread 0x00007ff9b800b000 Uncommon trap: reason=class_check action=maybe_recompile pc=0x00007ff9a9a3f760 method=java.util.Properties$LineReader.readLine()I @ 410
Event: 5.476 Thread 0x00007ff9b800b000 Uncommon trap: reason=class_check action=maybe_recompile pc=0x00007ff9a9a3f664 method=java.util.Properties$LineReader.readLine()I @ 62
Event: 5.488 Thread 0x00007ff9b800b000 Uncommon trap: reason=unstable_if action=reinterpret pc=0x00007ff9a931259c method=sun.net.www.ParseUtil.encodePath(Ljava/lang/String;Z)Ljava/lang/String; @ 109
Event: 6.010 Thread 0x00007ff9b800b000 Uncommon trap: reason=class_check action=maybe_recompile pc=0x00007ff9a9a3f664 method=java.util.Properties$LineReader.readLine()I @ 62
Event: 6.022 Thread 0x00007ff9b8d8f000 Uncommon trap: reason=null_check action=make_not_entrant pc=0x00007ff9a964022c method=java.lang.StringCoding.deref(Ljava/lang/ThreadLocal;)Ljava/lang/Object; @ 4
Event: 7.009 Thread 0x00007ff9b800b000 Uncommon trap: reason=predicate action=maybe_recompile pc=0x00007ff9aa01eda8 method=org.codehaus.plexus.util.SelectorUtils.matchAntPathPattern([Ljava/lang/String;[Ljava/lang/String;Z)Z @ 23

Classes redefined (0 events):
No events

Internal exceptions (10 events):
Event: 5.271 Thread 0x00007ff9b800b000 Exception <a 'java/lang/NoSuchMethodError': org.apache.maven.execution.MavenExecutionRequest.getFailureBehavior()Ljava/lang/String;> (0x00000000f80bcab0) thrown at [/build/openjdk-8-6jqSe7/openjdk-8-8u191-b12/src/hotspot/src/share/vm/interpreter/linkResol
Event: 6.022 Thread 0x00007ff9b8d8f000 Implicit null exception at 0x00007ff9a963fe84 to 0x00007ff9a964021d
Event: 6.132 Thread 0x00007ff9b800b000 Exception <a 'java/lang/NoClassDefFoundError': org/sonatype/aether/collection/DependencyCollectionException> (0x00000000fe5a4950) thrown at [/build/openjdk-8-6jqSe7/openjdk-8-8u191-b12/src/hotspot/src/share/vm/classfile/systemDictionary.cpp, line 199]
Event: 6.134 Thread 0x00007ff9b800b000 Exception <a 'java/lang/NoClassDefFoundError': org/sonatype/aether/version/VersionConstraint> (0x00000000fe5faf30) thrown at [/build/openjdk-8-6jqSe7/openjdk-8-8u191-b12/src/hotspot/src/share/vm/classfile/systemDictionary.cpp, line 199]
Event: 6.143 Thread 0x00007ff9b800b000 Exception <a 'java/lang/NoClassDefFoundError': org/sonatype/aether/installation/InstallationException> (0x00000000f59677b0) thrown at [/build/openjdk-8-6jqSe7/openjdk-8-8u191-b12/src/hotspot/src/share/vm/classfile/systemDictionary.cpp, line 199]
Event: 6.145 Thread 0x00007ff9b800b000 Exception <a 'java/lang/NoClassDefFoundError': org/sonatype/aether/RepositoryCache> (0x00000000f59c7948) thrown at [/build/openjdk-8-6jqSe7/openjdk-8-8u191-b12/src/hotspot/src/share/vm/classfile/systemDictionary.cpp, line 199]
Event: 6.146 Thread 0x00007ff9b800b000 Exception <a 'java/lang/NoClassDefFoundError': org/sonatype/aether/resolution/ArtifactDescriptorException> (0x00000000f5a054b8) thrown at [/build/openjdk-8-6jqSe7/openjdk-8-8u191-b12/src/hotspot/src/share/vm/classfile/systemDictionary.cpp, line 199]
Event: 6.151 Thread 0x00007ff9b800b000 Exception <a 'java/lang/NoClassDefFoundError': org/sonatype/aether/deployment/DeploymentException> (0x00000000f5a8ba18) thrown at [/build/openjdk-8-6jqSe7/openjdk-8-8u191-b12/src/hotspot/src/share/vm/classfile/systemDictionary.cpp, line 199]
Event: 6.152 Thread 0x00007ff9b800b000 Exception <a 'java/lang/NoClassDefFoundError': org/sonatype/aether/resolution/ArtifactResolutionException> (0x00000000f5aa0c28) thrown at [/build/openjdk-8-6jqSe7/openjdk-8-8u191-b12/src/hotspot/src/share/vm/classfile/systemDictionary.cpp, line 199]
Event: 6.152 Thread 0x00007ff9b800b000 Exception <a 'java/lang/NoClassDefFoundError': org/sonatype/aether/RepositoryCache> (0x00000000f5ab6a48) thrown at [/build/openjdk-8-6jqSe7/openjdk-8-8u191-b12/src/hotspot/src/share/vm/classfile/systemDictionary.cpp, line 199]

Events (10 events):
Event: 6.246 loading class com/google/common/io/LineReader$1
Event: 6.246 loading class com/google/common/io/LineReader$1 done
Event: 6.246 loading class com/google/common/io/LineReader$1
Event: 6.246 loading class com/google/common/io/LineReader$1 done
Event: 6.977 Executing VM operation: ParallelGCFailedAllocation
Event: 6.996 Executing VM operation: ParallelGCFailedAllocation done
Event: 7.009 Thread 0x00007ff9b800b000 Uncommon trap: trap_request=0xffffff86 fr.pc=0x00007ff9aa01eda8
Event: 7.009 Thread 0x00007ff9b800b000 DEOPT PACKING pc=0x00007ff9aa01eda8 sp=0x00007ff9c22465c0
Event: 7.010 Thread 0x00007ff9b800b000 DEOPT UNPACKING pc=0x00007ff9a904547a sp=0x00007ff9c2246568 mode 2
Event: 7.855 Executing VM operation: ParallelGCFailedAllocation


Dynamic libraries:
00400000-00401000 r-xp 00000000 08:01 591406                             /usr/lib/jvm/java-8-openjdk-amd64/jre/bin/java
00600000-00601000 r--p 00000000 08:01 591406                             /usr/lib/jvm/java-8-openjdk-amd64/jre/bin/java
00601000-00602000 rw-p 00001000 08:01 591406                             /usr/lib/jvm/java-8-openjdk-amd64/jre/bin/java
010ea000-0110b000 rw-p 00000000 00:00 0                                  [heap]
e0a00000-e4600000 rw-p 00000000 00:00 0 
e6b80000-f5900000 ---p 00000000 00:00 0 
f5900000-100000000 rw-p 00000000 00:00 0 
100000000-1003c0000 rw-p 00000000 00:00 0 
1003c0000-140000000 ---p 00000000 00:00 0 
7ff96c000000-7ff96c044000 rw-p 00000000 00:00 0 
7ff96c044000-7ff970000000 ---p 00000000 00:00 0 
7ff974000000-7ff97404e000 rw-p 00000000 00:00 0 
7ff97404e000-7ff978000000 ---p 00000000 00:00 0 
7ff97b868000-7ff97b8d3000 r--s 00500000 08:01 772600                     /home/appneta/.m2/repository/org/hibernate/hibernate-core/5.1.0.Final/hibernate-core-5.1.0.Final.jar
7ff97b8d3000-7ff97b8ff000 r--s 00208000 08:01 772448                     /home/appneta/.m2/repository/com/google/guava/guava/19.0/guava-19.0.jar
7ff97b8ff000-7ff97ba7f000 rw-p 00000000 00:00 0 
7ff97ba7f000-7ff97bb02000 ---p 00000000 00:00 0 
7ff97bb02000-7ff97be00000 rw-p 00000000 00:00 0 
7ff97be00000-7ff97c000000 rw-p 00000000 00:00 0 
7ff97c000000-7ff97c021000 rw-p 00000000 00:00 0 
7ff97c021000-7ff980000000 ---p 00000000 00:00 0 
7ff98000c000-7ff98000d000 r--s 0000b000 08:01 774324                     /home/appneta/.m2/repository/org/ow2/asm/asm-util/6.0_BETA/asm-util-6.0_BETA.jar
7ff98000d000-7ff98000f000 r--s 00004000 08:01 774313                     /home/appneta/.m2/repository/org/ow2/asm/asm-analysis/6.0_BETA/asm-analysis-6.0_BETA.jar
7ff98000f000-7ff980011000 r--s 00004000 08:01 774322                     /home/appneta/.m2/repository/org/vafer/jdependency/1.2/jdependency-1.2.jar
7ff980011000-7ff980013000 r--s 00023000 08:01 774321                     /home/appneta/.m2/repository/org/jdom/jdom/1.1.3/jdom-1.1.3.jar
7ff980013000-7ff980015000 r--s 00007000 08:01 774316                     /home/appneta/.m2/repository/org/ow2/asm/asm-tree/6.0_BETA/asm-tree-6.0_BETA.jar
7ff980015000-7ff980017000 r--s 0000b000 08:01 774314                     /home/appneta/.m2/repository/org/ow2/asm/asm-commons/6.0_BETA/asm-commons-6.0_BETA.jar
7ff980017000-7ff98001d000 r--s 00033000 08:01 774310                     /home/appneta/.m2/repository/commons-codec/commons-codec/1.6/commons-codec-1.6.jar
7ff98001d000-7ff980020000 r--s 0000d000 08:01 774308                     /home/appneta/.m2/repository/org/apache/maven/shared/maven-common-artifact-filters/3.0.1/maven-common-artifact-filters-3.0.1.jar
7ff980020000-7ff980025000 r--s 0001a000 08:01 774306                     /home/appneta/.m2/repository/org/apache/maven/shared/maven-artifact-transfer/0.9.1/maven-artifact-transfer-0.9.1.jar
7ff980025000-7ff980027000 r--s 0001a000 08:01 771043                     /home/appneta/.m2/repository/org/apache/maven/plugins/maven-shade-plugin/3.1.0/maven-shade-plugin-3.1.0.jar
7ff980027000-7ff980028000 r--s 00007000 08:01 770989                     /home/appneta/.m2/repository/org/apache/maven/plugins/maven-source-plugin/3.0.1/maven-source-plugin-3.0.1.jar
7ff980028000-7ff98002c000 r--s 00015000 08:01 774244                     /home/appneta/.m2/repository/org/tukaani/xz/1.5/xz-1.5.jar
7ff98002c000-7ff98002e000 r--s 0000d000 08:01 774252                     /home/appneta/.m2/repository/org/iq80/snappy/snappy/0.4/snappy-0.4.jar
7ff98002e000-7ff980036000 r--s 00060000 08:01 774241                     /home/appneta/.m2/repository/org/apache/commons/commons-compress/1.11/commons-compress-1.11.jar
7ff980036000-7ff980039000 r--s 00012000 08:01 774245                     /home/appneta/.m2/repository/org/codehaus/plexus/plexus-io/2.7.1/plexus-io-2.7.1.jar
7ff980039000-7ff98003e000 r--s 00029000 08:01 774239                     /home/appneta/.m2/repository/org/codehaus/plexus/plexus-archiver/3.4/plexus-archiver-3.4.jar
7ff98003e000-7ff980041000 r--s 00023000 08:01 774247                     /home/appneta/.m2/repository/org/apache/maven/shared/maven-shared-utils/3.0.1/maven-shared-utils-3.0.1.jar
7ff980041000-7ff980042000 r--s 00005000 08:01 774243                     /home/appneta/.m2/repository/org/apache/maven/maven-archiver/3.1.1/maven-archiver-3.1.1.jar
7ff980042000-7ff980043000 r--s 00006000 08:01 771036                     /home/appneta/.m2/repository/org/apache/maven/plugins/maven-jar-plugin/3.0.2/maven-jar-plugin-3.0.2.jar
7ff980043000-7ff980046000 ---p 00000000 00:00 0 
7ff980046000-7ff980144000 rw-p 00000000 00:00 0 
7ff980144000-7ff980145000 r--s 00002000 08:01 774185                     /home/appneta/.m2/repository/org/apache/maven/reporting/maven-reporting-api/3.0/maven-reporting-api-3.0.jar
7ff980145000-7ff98014d000 r--s 00045000 08:01 772644                     /home/appneta/.m2/repository/junit/junit/4.12/junit-4.12.jar
7ff98014d000-7ff980151000 r--s 00034000 08:01 774182                     /home/appneta/.m2/repository/org/codehaus/plexus/plexus-utils/1.5.15/plexus-utils-1.5.15.jar
7ff980151000-7ff980156000 r--s 0003d000 08:01 774180                     /home/appneta/.m2/repository/org/apache/maven/surefire/surefire-booter/2.20.1/surefire-booter-2.20.1.jar
7ff980156000-7ff98015b000 r--s 00028000 08:01 774176                     /home/appneta/.m2/repository/org/apache/maven/surefire/surefire-api/2.20.1/surefire-api-2.20.1.jar
7ff98015b000-7ff98035b000 rw-p 00000000 00:00 0 
7ff98035b000-7ff9803d4000 r--s 01101000 08:01 591340                     /usr/lib/jvm/java-8-openjdk-amd64/lib/tools.jar
7ff9803d4000-7ff9805d4000 rw-p 00000000 00:00 0 
7ff9805d4000-7ff9807d4000 rw-p 00000000 00:00 0 
7ff9807d4000-7ff9809d4000 rw-p 00000000 00:00 0 
7ff9809d4000-7ff9809e5000 r-xp 00000000 08:01 586868                     /usr/lib/jvm/java-8-openjdk-amd64/jre/lib/amd64/libnio.so
7ff9809e5000-7ff980be5000 ---p 00011000 08:01 586868                     /usr/lib/jvm/java-8-openjdk-amd64/jre/lib/amd64/libnio.so
7ff980be5000-7ff980be6000 r--p 00011000 08:01 586868                     /usr/lib/jvm/java-8-openjdk-amd64/jre/lib/amd64/libnio.so
7ff980be6000-7ff980be7000 rw-p 00012000 08:01 586868                     /usr/lib/jvm/java-8-openjdk-amd64/jre/lib/amd64/libnio.so
7ff980be7000-7ff983be8000 rw-p 00000000 00:00 0 
7ff983be8000-7ff983bff000 r-xp 00000000 08:01 586839                     /usr/lib/jvm/java-8-openjdk-amd64/jre/lib/amd64/libnet.so
7ff983bff000-7ff983dfe000 ---p 00017000 08:01 586839                     /usr/lib/jvm/java-8-openjdk-amd64/jre/lib/amd64/libnet.so
7ff983dfe000-7ff983dff000 r--p 00016000 08:01 586839                     /usr/lib/jvm/java-8-openjdk-amd64/jre/lib/amd64/libnet.so
7ff983dff000-7ff983e00000 rw-p 00017000 08:01 586839                     /usr/lib/jvm/java-8-openjdk-amd64/jre/lib/amd64/libnet.so
7ff983e00000-7ff984000000 rw-p 00000000 00:00 0 
7ff984000000-7ff984d61000 rw-p 00000000 00:00 0 
7ff984d61000-7ff988000000 ---p 00000000 00:00 0 
7ff988000000-7ff988021000 rw-p 00000000 00:00 0 
7ff988021000-7ff98c000000 ---p 00000000 00:00 0 
7ff98c000000-7ff98c021000 rw-p 00000000 00:00 0 
7ff98c021000-7ff990000000 ---p 00000000 00:00 0 
7ff990000000-7ff9915e3000 rw-p 00000000 00:00 0 
7ff9915e3000-7ff994000000 ---p 00000000 00:00 0 
7ff994000000-7ff994021000 rw-p 00000000 00:00 0 
7ff994021000-7ff998000000 ---p 00000000 00:00 0 
7ff998000000-7ff998021000 rw-p 00000000 00:00 0 
7ff998021000-7ff99c000000 ---p 00000000 00:00 0 
7ff99c000000-7ff99c021000 rw-p 00000000 00:00 0 
7ff99c021000-7ff9a0000000 ---p 00000000 00:00 0 
7ff9a0000000-7ff9a0021000 rw-p 00000000 00:00 0 
7ff9a0021000-7ff9a4000000 ---p 00000000 00:00 0 
7ff9a4000000-7ff9a4021000 rw-p 00000000 00:00 0 
7ff9a4021000-7ff9a8000000 ---p 00000000 00:00 0 
7ff9a8000000-7ff9a8002000 r--s 00002000 08:01 774178                     /home/appneta/.m2/repository/org/apache/maven/surefire/surefire-logger-api/2.20.1/surefire-logger-api-2.20.1.jar
7ff9a8002000-7ff9a8004000 r--s 00002000 08:01 774174                     /home/appneta/.m2/repository/org/apache/maven/plugin-tools/maven-plugin-annotations/3.3/maven-plugin-annotations-3.3.jar
7ff9a8004000-7ff9a800d000 r--s 00074000 08:01 774172                     /home/appneta/.m2/repository/org/apache/maven/surefire/maven-surefire-common/2.20.1/maven-surefire-common-2.20.1.jar
7ff9a800d000-7ff9a800e000 r--s 00009000 08:01 771029                     /home/appneta/.m2/repository/org/apache/maven/plugins/maven-surefire-plugin/2.20.1/maven-surefire-plugin-2.20.1.jar
7ff9a800e000-7ff9a800f000 r--s 00004000 08:01 774137                     /home/appneta/.m2/repository/org/codehaus/plexus/plexus-compiler-javac/2.8.2/plexus-compiler-javac-2.8.2.jar
7ff9a800f000-7ff9a8011000 r--s 00000000 08:01 774132                     /home/appneta/.m2/repository/org/codehaus/plexus/plexus-compiler-manager/2.8.2/plexus-compiler-manager-2.8.2.jar
7ff9a8011000-7ff9a8013000 r--s 00005000 08:01 774131                     /home/appneta/.m2/repository/org/codehaus/plexus/plexus-compiler-api/2.8.2/plexus-compiler-api-2.8.2.jar
7ff9a8013000-7ff9a8019000 r--s 00047000 08:01 774128                     /home/appneta/.m2/repository/com/thoughtworks/qdox/qdox/2.0-M7/qdox-2.0-M7.jar
7ff9a8019000-7ff9a801a000 r--s 0000d000 08:01 774117                     /home/appneta/.m2/repository/org/ow2/asm/asm/6.0_BETA/asm-6.0_BETA.jar
7ff9a801a000-7ff9a801c000 r--s 00006000 08:01 774126                     /home/appneta/.m2/repository/org/codehaus/plexus/plexus-java/0.9.2/plexus-java-0.9.2.jar
7ff9a801c000-7ff9a801e000 r--s 00002000 08:01 774122                     /home/appneta/.m2/repository/org/apache/maven/shared/maven-shared-incremental/1.1/maven-shared-incremental-1.1.jar
7ff9a801e000-7ff9a8021000 r--s 00025000 08:01 774120                     /home/appneta/.m2/repository/org/apache/maven/shared/maven-shared-utils/3.1.0/maven-shared-utils-3.1.0.jar
7ff9a8021000-7ff9a8023000 r--s 0000d000 08:01 774118                     /home/appneta/.m2/repository/org/codehaus/plexus/plexus-interpolation/1.14/plexus-interpolation-1.14.jar
7ff9a8023000-7ff9a8027000 r--s 00033000 08:01 774116                     /home/appneta/.m2/repository/org/codehaus/plexus/plexus-utils/2.0.4/plexus-utils-2.0.4.jar
7ff9a8027000-7ff9a8029000 r--s 0000d000 08:01 771016                     /home/appneta/.m2/repository/org/apache/maven/plugins/maven-compiler-plugin/3.7.0/maven-compiler-plugin-3.7.0.jar
7ff9a8029000-7ff9a802c000 r--s 00011000 08:01 774025                     /home/appneta/.m2/repository/org/codehaus/plexus/plexus-interpolation/1.24/plexus-interpolation-1.24.jar
7ff9a802c000-7ff9a8030000 r--s 0002f000 08:01 774024                     /home/appneta/.m2/repository/commons-io/commons-io/2.5/commons-io-2.5.jar
7ff9a8030000-7ff9a8032000 r--s 00001000 08:01 774019                     /home/appneta/.m2/repository/org/sonatype/plexus/plexus-build-api/0.0.7/plexus-build-api-0.0.7.jar
7ff9a8032000-7ff9a8034000 r--s 00006000 08:01 774016                     /home/appneta/.m2/repository/com/google/code/findbugs/jsr305/2.0.1/jsr305-2.0.1.jar
7ff9a8034000-7ff9a8037000 r--s 00023000 08:01 774017                     /home/appneta/.m2/repository/org/apache/maven/shared/maven-shared-utils/3.0.0/maven-shared-utils-3.0.0.jar
7ff9a8037000-7ff9a8039000 r--s 0000b000 08:01 774014                     /home/appneta/.m2/repository/org/apache/maven/shared/maven-filtering/3.1.1/maven-filtering-3.1.1.jar
7ff9a8039000-7ff9a803d000 r--s 00039000 08:01 774012                     /home/appneta/.m2/repository/org/codehaus/plexus/plexus-utils/3.0.24/plexus-utils-3.0.24.jar
7ff9a803d000-7ff9a803f000 r--s 00000000 08:01 774009                     /home/appneta/.m2/repository/org/codehaus/plexus/plexus-component-annotations/1.6/plexus-component-annotations-1.6.jar
7ff9a803f000-7ff9a8043000 r--s 00017000 08:01 774004                     /home/appneta/.m2/repository/org/sonatype/aether/aether-util/1.7/aether-util-1.7.jar
7ff9a8043000-7ff9a804e000 r--s 00069000 08:01 773985                     /home/appneta/.m2/repository/org/sonatype/sisu/sisu-guice/2.1.7/sisu-guice-2.1.7-noaop.jar
7ff9a804e000-7ff9a8053000 r--s 00021000 08:01 773979                     /home/appneta/.m2/repository/org/sonatype/sisu/sisu-inject-bean/1.4.2/sisu-inject-bean-1.4.2.jar
7ff9a8053000-7ff9a8054000 r--s 00007000 08:01 771009                     /home/appneta/.m2/repository/org/apache/maven/plugins/maven-resources-plugin/3.0.2/maven-resources-plugin-3.0.2.jar
7ff9a8054000-7ff9a8058000 r--s 0001c000 08:01 773743                     /home/appneta/.m2/repository/org/jacoco/org.jacoco.report/0.8.0/org.jacoco.report-0.8.0.jar
7ff9a8058000-7ff9a805a000 r--s 00010000 08:01 773733                     /home/appneta/.m2/repository/org/ow2/asm/asm-util/6.0/asm-util-6.0.jar
7ff9a805a000-7ff9a805b000 r--s 00007000 08:01 773741                     /home/appneta/.m2/repository/org/ow2/asm/asm-analysis/6.0/asm-analysis-6.0.jar
7ff9a805b000-7ff9a805d000 r--s 0000a000 08:01 773736                     /home/appneta/.m2/repository/org/ow2/asm/asm-tree/6.0/asm-tree-6.0.jar
7ff9a805d000-7ff9a805e000 r--s 00012000 08:01 773734                     /home/appneta/.m2/repository/org/ow2/asm/asm-commons/6.0/asm-commons-6.0.jar
7ff9a805e000-7ff9a8060000 r--s 00016000 08:01 773710                     /home/appneta/.m2/repository/org/ow2/asm/asm/6.0/asm-6.0.jar
7ff9a8060000-7ff9a8064000 r--s 00022000 08:01 773731                     /home/appneta/.m2/repository/org/jacoco/org.jacoco.core/0.8.0/org.jacoco.core-0.8.0.jar
7ff9a8064000-7ff9a8069000 r--s 00038000 08:01 773730                     /home/appneta/.m2/repository/org/jacoco/org.jacoco.agent/0.8.0/org.jacoco.agent-0.8.0-runtime.jar
7ff9a8069000-7ff9a806e000 r--s 00016000 08:01 772616                     /home/appneta/.m2/repository/xml-apis/xml-apis/1.0.b2/xml-apis-1.0.b2.jar
7ff9a806e000-7ff9a8070000 r--s 0000e000 08:01 773714                     /home/appneta/.m2/repository/oro/oro/2.0.8/oro-2.0.8.jar
7ff9a8070000-7ff9a8072000 r--s 00008000 08:01 773724                     /home/appneta/.m2/repository/commons-logging/commons-logging/1.0.4/commons-logging-1.0.4.jar
7ff9a8072000-7ff9a8076000 r--s 00026000 08:01 773722                     /home/appneta/.m2/repository/commons-digester/commons-digester/1.6/commons-digester-1.6.jar
7ff9a8076000-7ff9a807b000 r--s 0002a000 08:01 773720                     /home/appneta/.m2/repository/commons-beanutils/commons-beanutils/1.7.0/commons-beanutils-1.7.0.jar
7ff9a807b000-7ff9a807e000 r--s 00014000 08:01 773719                     /home/appneta/.m2/repository/commons-validator/commons-validator/1.2.0/commons-validator-1.2.0.jar
7ff9a807e000-7ff9a808b000 r--s 0007f000 08:01 773717                     /home/appneta/.m2/repository/commons-collections/commons-collections/3.2/commons-collections-3.2.jar
7ff9a808b000-7ff9a8093000 r--s 00058000 08:01 773715                     /home/appneta/.m2/repository/org/apache/velocity/velocity/1.5/velocity-1.5.jar
7ff9a8093000-7ff9a8094000 r--s 00001000 08:01 773713                     /home/appneta/.m2/repository/org/codehaus/plexus/plexus-velocity/1.1.7/plexus-velocity-1.1.7.jar
7ff9a8094000-7ff9a8095000 r--s 00002000 08:01 773712                     /home/appneta/.m2/repository/org/codehaus/plexus/plexus-i18n/1.0-beta-7/plexus-i18n-1.0-beta-7.jar
7ff9a8095000-7ff9a8097000 r--s 00008000 08:01 773711                     /home/appneta/.m2/repository/org/apache/maven/doxia/doxia-module-fml/1.1.2/doxia-module-fml-1.1.2.jar
7ff9a8097000-7ff9a8098000 r--s 00003000 08:01 773707                     /home/appneta/.m2/repository/org/apache/maven/doxia/doxia-module-xhtml/1.1.2/doxia-module-xhtml-1.1.2.jar
7ff9a8098000-7ff9a809a000 r--s 0000b000 08:01 773704                     /home/appneta/.m2/repository/org/apache/maven/doxia/doxia-decoration-model/1.1.2/doxia-decoration-model-1.1.2.jar
7ff9a809a000-7ff9a809c000 r--s 0000b000 08:01 773702                     /home/appneta/.m2/repository/org/apache/maven/doxia/doxia-site-renderer/1.1.2/doxia-site-renderer-1.1.2.jar
7ff9a809c000-7ff9a809e000 r--s 00006000 08:01 773701                     /home/appneta/.m2/repository/commons-codec/commons-codec/1.2/commons-codec-1.2.jar
7ff9a809e000-7ff9a80a4000 r--s 00045000 08:01 773698                     /home/appneta/.m2/repository/commons-httpclient/commons-httpclient/3.1/commons-httpclient-3.1.jar
7ff9a80a4000-7ff9a80a8000 r--s 0003c000 08:01 773696                     /home/appneta/.m2/repository/commons-lang/commons-lang/2.4/commons-lang-2.4.jar
7ff9a80a8000-7ff9a80bf000 r--s 00112000 08:01 773695                     /home/appneta/.m2/repository/xerces/xercesImpl/2.8.1/xercesImpl-2.8.1.jar
7ff9a80bf000-7ff9a80c3000 r--s 00023000 08:01 773693                     /home/appneta/.m2/repository/org/apache/maven/doxia/doxia-core/1.1.2/doxia-core-1.1.2.jar
7ff9a80c3000-7ff9a80c5000 r--s 00003000 08:01 773692                     /home/appneta/.m2/repository/org/apache/maven/reporting/maven-reporting-impl/2.1/maven-reporting-impl-2.1.jar
7ff9a80c5000-7ff9a80c7000 r--s 00008000 08:01 773686                     /home/appneta/.m2/repository/org/apache/maven/shared/maven-shared-io/1.1/maven-shared-io-1.1.jar
7ff9a80c7000-7ff9a80c9000 r--s 00008000 08:01 773684                     /home/appneta/.m2/repository/org/apache/maven/shared/file-management/1.2.1/file-management-1.2.1.jar
7ff9a80c9000-7ff9a80cf000 r--s 00034000 08:01 773680                     /home/appneta/.m2/repository/junit/junit/4.8.2/junit-4.8.2.jar
7ff9a80cf000-7ff9a80d1000 r--s 0000c000 08:01 771002                     /home/appneta/.m2/repository/org/jacoco/jacoco-maven-plugin/0.8.0/jacoco-maven-plugin-0.8.0.jar
7ff9a80d1000-7ff9a80d3000 r--s 00009000 08:01 772646                     /home/appneta/.m2/repository/org/hamcrest/hamcrest-core/1.3/hamcrest-core-1.3.jar
7ff9a80d3000-7ff9a80d9000 r--s 00036000 08:01 773245                     /home/appneta/.m2/repository/junit/junit/4.11/junit-4.11.jar
7ff9a80d9000-7ff9a80dc000 r--s 0000c000 08:01 773221                     /home/appneta/.m2/repository/org/codehaus/plexus/plexus-io/2.0.4/plexus-io-2.0.4.jar
7ff9a80dc000-7ff9a80e1000 r--s 00029000 08:01 773241                     /home/appneta/.m2/repository/org/codehaus/plexus/plexus-archiver/2.2/plexus-archiver-2.2.jar
7ff9a80e1000-7ff9a80e3000 r--s 00007000 08:01 773205                     /home/appneta/.m2/repository/org/apache/maven/plugin-testing/maven-plugin-testing-harness/1.3/maven-plugin-testing-harness-1.3.jar
7ff9a80e3000-7ff9a80e4000 r--s 00002000 08:01 773238                     /home/appneta/.m2/repository/org/codehaus/plexus/plexus-i18n/1.0-beta-6/plexus-i18n-1.0-beta-6.jar
7ff9a80e4000-7ff9a80e8000 r--s 0001d000 08:01 773236                     /home/appneta/.m2/repository/org/eclipse/aether/aether-util/0.9.0.M2/aether-util-0.9.0.M2.jar
7ff9a80e8000-7ff9a80ea000 r--s 00000000 08:01 773233                     /home/appneta/.m2/repository/org/codehaus/plexus/plexus-component-annotations/1.5.5/plexus-component-annotations-1.5.5.jar
7ff9a80ea000-7ff9a80ed000 r--s 0000d000 08:01 773231                     /home/appneta/.m2/repository/org/apache/maven/shared/maven-dependency-tree/2.2/maven-dependency-tree-2.2.jar
7ff9a80ed000-7ff9a80f2000 r--s 00040000 08:01 773230                     /home/appneta/.m2/repository/org/beanshell/bsh/2.0b4/bsh-2.0b4.jar
7ff9a80f2000-7ff9a80f4000 r--s 00006000 08:01 773227                     /home/appneta/.m2/repository/org/apache/maven/shared/maven-common-artifact-filters/1.4/maven-common-artifact-filters-1.4.jar
7ff9a80f4000-7ff9a80f7000 r--s 00016000 08:01 773225                     /home/appneta/.m2/repository/org/apache/maven/enforcer/enforcer-rules/1.4.1/enforcer-rules-1.4.1.jar
7ff9a80f7000-7ff9a80f8000 r--s 00002000 08:01 773224                     /home/appneta/.m2/repository/org/apache/maven/enforcer/enforcer-api/1.4.1/enforcer-api-1.4.1.jar
7ff9a80f8000-7ff9a80fc000 r--s 00038000 08:01 773223                     /home/appneta/.m2/repository/commons-lang/commons-lang/2.3/commons-lang-2.3.jar
7ff9a80fc000-7ff9a8100000 r--s 00038000 08:01 773222                     /home/appneta/.m2/repository/org/codehaus/plexus/plexus-utils/3.0.22/plexus-utils-3.0.22.jar
7ff9a8100000-7ff9a8102000 r--s 00002000 08:01 773219                     /home/appneta/.m2/repository/org/sonatype/plexus/plexus-cipher/1.4/plexus-cipher-1.4.jar
7ff9a8102000-7ff9a8103000 r--s 00006000 08:01 773217                     /home/appneta/.m2/repository/org/sonatype/plexus/plexus-sec-dispatcher/1.3/plexus-sec-dispatcher-1.3.jar
7ff9a8103000-7ff9a8105000 r--s 00002000 08:01 773198                     /home/appneta/.m2/repository/org/codehaus/plexus/plexus-interactivity-api/1.0-alpha-4/plexus-interactivity-api-1.0-alpha-4.jar
7ff9a8105000-7ff9a8107000 r--s 00009000 08:01 773207                     /home/appneta/.m2/repository/commons-cli/commons-cli/1.2/commons-cli-1.2.jar
7ff9a8107000-7ff9a8108000 r--s 00002000 08:01 773200                     /home/appneta/.m2/repository/org/apache/maven/doxia/doxia-logging-api/1.1/doxia-logging-api-1.1.jar
7ff9a8108000-7ff9a810a000 r--s 00002000 08:01 773199                     /home/appneta/.m2/repository/org/apache/maven/doxia/doxia-sink-api/1.1/doxia-sink-api-1.1.jar
7ff9a810a000-7ff9a810b000 r--s 00002000 08:01 773197                     /home/appneta/.m2/repository/org/apache/maven/reporting/maven-reporting-api/2.2.1/maven-reporting-api-2.2.1.jar
7ff9a810b000-7ff9a810d000 r--s 00003000 08:01 773193                     /home/appneta/.m2/repository/org/slf4j/jcl-over-slf4j/1.5.6/jcl-over-slf4j-1.5.6.jar
7ff9a810d000-7ff9a810f000 r--s 00001000 08:01 773189                     /home/appneta/.m2/repository/org/slf4j/slf4j-jdk14/1.5.6/slf4j-jdk14-1.5.6.jar
7ff9a810f000-7ff9a8111000 r--s 0000b000 08:01 773182                     /home/appneta/.m2/repository/org/codehaus/plexus/plexus-interpolation/1.11/plexus-interpolation-1.11.jar
7ff9a8111000-7ff9a8119000 r--s 00049000 08:01 773181                     /home/appneta/.m2/repository/backport-util-concurrent/backport-util-concurrent/3.1/backport-util-concurrent-3.1.jar
7ff9a8119000-7ff9a811a000 r--s 00006000 08:01 770969                     /home/appneta/.m2/repository/org/apache/maven/plugins/maven-enforcer-plugin/1.4.1/maven-enforcer-plugin-1.4.1.jar
7ff9a811a000-7ff9a811f000 r--s 000a0000 08:01 586872                     /usr/lib/jvm/java-8-openjdk-amd64/jre/lib/jsse.jar
7ff9a811f000-7ff9a831f000 rw-p 00000000 00:00 0 
7ff9a831f000-7ff9a851f000 rw-p 00000000 00:00 0 
7ff9a851f000-7ff9a8520000 r--s 00001000 08:01 74116                      /usr/share/java/wagon-http-shared-2.x.jar
7ff9a8520000-7ff9a8524000 r--s 00038000 08:01 74056                      /usr/share/java/plexus-utils2.jar
7ff9a8524000-7ff9a8528000 r--s 00027000 08:01 73601                      /usr/share/java/commons-io-2.4.jar
7ff9a8528000-7ff9a852f000 r--s 0005d000 08:01 73613                      /usr/share/java/commons-lang3.jar
7ff9a852f000-7ff9a8535000 r--s 00048000 08:01 73782                      /usr/share/java/jsoup.jar
7ff9a8535000-7ff9a8536000 r--s 00004000 08:01 73520                      /usr/share/java/atinject-jsr330-tck-1.0.jar
7ff9a8536000-7ff9a8537000 r--s 00001000 08:01 74109                      /usr/share/java/wagon-file-2.x.jar
7ff9a8537000-7ff9a8538000 r--s 0000a000 08:01 74130                      /usr/share/java/maven3-settings-3.3.9.jar
7ff9a8538000-7ff9a853a000 r--s 00007000 08:01 73758                      /usr/share/java/slf4j-api.jar
7ff9a853a000-7ff9a853c000 r--s 00002000 08:01 73994                      /usr/share/java/plexus-cipher.jar
7ff9a853c000-7ff9a8541000 r--s 0001d000 08:01 73879                      /usr/share/java/eclipse-aether-api.jar
7ff9a8541000-7ff9a8545000 r--s 00020000 08:01 73880                      /usr/share/java/eclipse-aether-util.jar
7ff9a8545000-7ff9a854a000 r--s 00040000 08:01 73607                      /usr/share/java/commons-lang-2.6.jar
7ff9a854a000-7ff9a8551000 r--s 00041000 08:01 74132                      /usr/share/java/maven3-compat-3.3.9.jar
7ff9a8551000-7ff9a8555000 r--s 00027000 08:01 73872                      /usr/share/java/eclipse-aether-impl.jar
7ff9a8555000-7ff9a8556000 r--s 00002000 08:01 73755                      /usr/share/java/slf4j-simple.jar
7ff9a8556000-7ff9a8558000 r--s 0000e000 08:01 73717                      /usr/share/java/plexus-interpolation.jar
7ff9a8558000-7ff9a855f000 r--s 0002c000 08:01 74103                      /usr/share/java/sisu-plexus.jar
7ff9a855f000-7ff9a8560000 ---p 00000000 00:00 0 
7ff9a8560000-7ff9a8660000 rw-p 00000000 00:00 0 
7ff9a8660000-7ff9a8663000 ---p 00000000 00:00 0 
7ff9a8663000-7ff9a8761000 rw-p 00000000 00:00 0 
7ff9a8761000-7ff9a8764000 ---p 00000000 00:00 0 
7ff9a8764000-7ff9a8862000 rw-p 00000000 00:00 0 
7ff9a8862000-7ff9a8865000 ---p 00000000 00:00 0 
7ff9a8865000-7ff9a8963000 rw-p 00000000 00:00 0 
7ff9a8963000-7ff9a8966000 ---p 00000000 00:00 0 
7ff9a8966000-7ff9a8a64000 rw-p 00000000 00:00 0 
7ff9a8a64000-7ff9a8bfc000 r--p 00000000 08:01 27557                      /usr/lib/locale/locale-archive
7ff9a8bfc000-7ff9a8bff000 ---p 00000000 00:00 0 
7ff9a8bff000-7ff9a8cfd000 rw-p 00000000 00:00 0 
7ff9a8cfd000-7ff9a8d00000 ---p 00000000 00:00 0 
7ff9a8d00000-7ff9a8dfe000 rw-p 00000000 00:00 0 
7ff9a8dfe000-7ff9a8dff000 ---p 00000000 00:00 0 
7ff9a8dff000-7ff9a9000000 rw-p 00000000 00:00 0 
7ff9a9000000-7ff9aa080000 rwxp 00000000 00:00 0 
7ff9aa080000-7ff9b8000000 ---p 00000000 00:00 0 
7ff9b8000000-7ff9b9870000 rw-p 00000000 00:00 0 
7ff9b9870000-7ff9bc000000 ---p 00000000 00:00 0 
7ff9bc000000-7ff9bc002000 r--s 00013000 08:01 74136                      /usr/share/java/maven3-embedder-3.3.9.jar
7ff9bc002000-7ff9bc003000 r--s 00000000 08:01 73534                      /usr/share/java/geronimo-interceptor-3.0-spec-1.0.1.jar
7ff9bc003000-7ff9bc005000 r--s 00012000 08:01 10493                      /usr/share/java/el-api-3.0.jar
7ff9bc005000-7ff9bc006000 r--s 00000000 08:01 73521                      /usr/share/java/atinject-jsr330-api-1.0.jar
7ff9bc006000-7ff9bc009000 r--s 00008000 08:01 73549                      /usr/share/java/cdi-api-1.0.jar
7ff9bc009000-7ff9bc00b000 r--s 00027000 08:01 74137                      /usr/share/java/maven3-model-3.3.9.jar
7ff9bc00b000-7ff9bc019000 r--s 00095000 08:01 73904                      /usr/share/java/guice.jar
7ff9bc019000-7ff9bc026000 r--s 0008d000 08:01 74133                      /usr/share/java/maven3-core-3.3.9.jar
7ff9bc026000-7ff9bc029000 r--s 00007000 08:01 74139                      /usr/share/java/maven3-settings-builder-3.3.9.jar
7ff9bc029000-7ff9bc031000 r--s 00054000 08:01 74097                      /usr/share/java/sisu-inject.jar
7ff9bc031000-7ff9bc032000 r--s 00008000 08:01 73875                      /usr/share/java/eclipse-aether-connector-basic.jar
7ff9bc032000-7ff9bc034000 r--s 0000a000 08:01 74110                      /usr/share/java/wagon-provider-api-2.x.jar
7ff9bc034000-7ff9bc035000 r--s 00006000 08:01 74000                      /usr/share/java/plexus-sec-dispatcher.jar
7ff9bc035000-7ff9bc037000 r--s 00005000 08:01 73878                      /usr/share/java/eclipse-aether-transport-wagon.jar
7ff9bc037000-7ff9bc039000 r--s 00001000 08:01 74140                      /usr/share/java/maven3-builder-support-3.3.9.jar
7ff9bc039000-7ff9bc03b000 r--s 00006000 08:01 73877                      /usr/share/java/eclipse-aether-spi.jar
7ff9bc03b000-7ff9bc06c000 r--s 00207000 08:01 74113                      /usr/share/java/wagon-http-shaded-2.x.jar
7ff9bc06c000-7ff9bc098000 r--s 00208000 08:01 73795                      /usr/share/java/guava.jar
7ff9bc098000-7ff9bc09a000 r--s 0000a000 08:01 74131                      /usr/share/java/maven3-plugin-api-3.3.9.jar
7ff9bc09a000-7ff9bc09f000 r--s 00025000 08:01 74135                      /usr/share/java/maven3-model-builder-3.3.9.jar
7ff9bc09f000-7ff9bc0a2000 r--s 0000a000 08:01 74141                      /usr/share/java/maven3-artifact-3.3.9.jar
7ff9bc0a2000-7ff9bc0a4000 r--s 00001000 08:01 73895                      /usr/share/java/aopalliance-1.0.jar
7ff9bc0a4000-7ff9bc0a6000 r--s 00000000 08:01 74068                      /usr/share/java/plexus-component-annotations-1.5.jar
7ff9bc0a6000-7ff9bc0a8000 r--s 0000a000 08:01 73569                      /usr/share/java/commons-cli-1.3.1.jar
7ff9bc0a8000-7ff9bc0aa000 r--s 0000d000 08:01 74138                      /usr/share/java/maven3-aether-provider-3.3.9.jar
7ff9bc0aa000-7ff9bc0c5000 r--s 00394000 08:01 586820                     /usr/lib/jvm/java-8-openjdk-amd64/jre/lib/ext/cldrdata.jar
7ff9bc0c5000-7ff9bc0cf000 r--s 00116000 08:01 586823                     /usr/lib/jvm/java-8-openjdk-amd64/jre/lib/ext/localedata.jar
7ff9bc0cf000-7ff9bc0ea000 r--s 001d6000 08:01 586814                     /usr/lib/jvm/java-8-openjdk-amd64/jre/lib/ext/nashorn.jar
7ff9bc0ea000-7ff9bc9a3000 rw-p 00000000 00:00 0 
7ff9bc9a3000-7ff9bcb72000 r--s 03c33000 08:01 586833                     /usr/lib/jvm/java-8-openjdk-amd64/jre/lib/rt.jar
7ff9bcb72000-7ff9be4ee000 rw-p 00000000 00:00 0 
7ff9be4ee000-7ff9be4ef000 ---p 00000000 00:00 0 
7ff9be4ef000-7ff9be5ef000 rw-p 00000000 00:00 0 
7ff9be5ef000-7ff9be5f0000 ---p 00000000 00:00 0 
7ff9be5f0000-7ff9be70e000 rw-p 00000000 00:00 0 
7ff9be70e000-7ff9be797000 ---p 00000000 00:00 0 
7ff9be797000-7ff9be7eb000 rw-p 00000000 00:00 0 
7ff9be7eb000-7ff9be82e000 rw-p 00000000 00:00 0 
7ff9be82e000-7ff9bebac000 ---p 00000000 00:00 0 
7ff9bebac000-7ff9bebb4000 r-xp 00000000 08:01 586849                     /usr/lib/jvm/java-8-openjdk-amd64/jre/lib/amd64/libzip.so
7ff9bebb4000-7ff9bedb3000 ---p 00008000 08:01 586849                     /usr/lib/jvm/java-8-openjdk-amd64/jre/lib/amd64/libzip.so
7ff9bedb3000-7ff9bedb4000 r--p 00007000 08:01 586849                     /usr/lib/jvm/java-8-openjdk-amd64/jre/lib/amd64/libzip.so
7ff9bedb4000-7ff9bedb5000 rw-p 00008000 08:01 586849                     /usr/lib/jvm/java-8-openjdk-amd64/jre/lib/amd64/libzip.so
7ff9bedb5000-7ff9bedc0000 r-xp 00000000 08:01 1983                       /lib/x86_64-linux-gnu/libnss_files-2.23.so
7ff9bedc0000-7ff9befbf000 ---p 0000b000 08:01 1983                       /lib/x86_64-linux-gnu/libnss_files-2.23.so
7ff9befbf000-7ff9befc0000 r--p 0000a000 08:01 1983                       /lib/x86_64-linux-gnu/libnss_files-2.23.so
7ff9befc0000-7ff9befc1000 rw-p 0000b000 08:01 1983                       /lib/x86_64-linux-gnu/libnss_files-2.23.so
7ff9befc1000-7ff9befc7000 rw-p 00000000 00:00 0 
7ff9befc7000-7ff9befd2000 r-xp 00000000 08:01 1987                       /lib/x86_64-linux-gnu/libnss_nis-2.23.so
7ff9befd2000-7ff9bf1d1000 ---p 0000b000 08:01 1987                       /lib/x86_64-linux-gnu/libnss_nis-2.23.so
7ff9bf1d1000-7ff9bf1d2000 r--p 0000a000 08:01 1987                       /lib/x86_64-linux-gnu/libnss_nis-2.23.so
7ff9bf1d2000-7ff9bf1d3000 rw-p 0000b000 08:01 1987                       /lib/x86_64-linux-gnu/libnss_nis-2.23.so
7ff9bf1d3000-7ff9bf1e9000 r-xp 00000000 08:01 1967                       /lib/x86_64-linux-gnu/libnsl-2.23.so
7ff9bf1e9000-7ff9bf3e8000 ---p 00016000 08:01 1967                       /lib/x86_64-linux-gnu/libnsl-2.23.so
7ff9bf3e8000-7ff9bf3e9000 r--p 00015000 08:01 1967                       /lib/x86_64-linux-gnu/libnsl-2.23.so
7ff9bf3e9000-7ff9bf3ea000 rw-p 00016000 08:01 1967                       /lib/x86_64-linux-gnu/libnsl-2.23.so
7ff9bf3ea000-7ff9bf3ec000 rw-p 00000000 00:00 0 
7ff9bf3ec000-7ff9bf3f4000 r-xp 00000000 08:01 1978                       /lib/x86_64-linux-gnu/libnss_compat-2.23.so
7ff9bf3f4000-7ff9bf5f3000 ---p 00008000 08:01 1978                       /lib/x86_64-linux-gnu/libnss_compat-2.23.so
7ff9bf5f3000-7ff9bf5f4000 r--p 00007000 08:01 1978                       /lib/x86_64-linux-gnu/libnss_compat-2.23.so
7ff9bf5f4000-7ff9bf5f5000 rw-p 00008000 08:01 1978                       /lib/x86_64-linux-gnu/libnss_compat-2.23.so
7ff9bf5f5000-7ff9bf622000 r-xp 00000000 08:01 586853                     /usr/lib/jvm/java-8-openjdk-amd64/jre/lib/amd64/libjava.so
7ff9bf622000-7ff9bf821000 ---p 0002d000 08:01 586853                     /usr/lib/jvm/java-8-openjdk-amd64/jre/lib/amd64/libjava.so
7ff9bf821000-7ff9bf822000 r--p 0002c000 08:01 586853                     /usr/lib/jvm/java-8-openjdk-amd64/jre/lib/amd64/libjava.so
7ff9bf822000-7ff9bf824000 rw-p 0002d000 08:01 586853                     /usr/lib/jvm/java-8-openjdk-amd64/jre/lib/amd64/libjava.so
7ff9bf824000-7ff9bf833000 r-xp 00000000 08:01 586857                     /usr/lib/jvm/java-8-openjdk-amd64/jre/lib/amd64/libverify.so
7ff9bf833000-7ff9bfa32000 ---p 0000f000 08:01 586857                     /usr/lib/jvm/java-8-openjdk-amd64/jre/lib/amd64/libverify.so
7ff9bfa32000-7ff9bfa34000 r--p 0000e000 08:01 586857                     /usr/lib/jvm/java-8-openjdk-amd64/jre/lib/amd64/libverify.so
7ff9bfa34000-7ff9bfa35000 rw-p 00010000 08:01 586857                     /usr/lib/jvm/java-8-openjdk-amd64/jre/lib/amd64/libverify.so
7ff9bfa35000-7ff9bfa3c000 r-xp 00000000 08:01 1988                       /lib/x86_64-linux-gnu/librt-2.23.so
7ff9bfa3c000-7ff9bfc3b000 ---p 00007000 08:01 1988                       /lib/x86_64-linux-gnu/librt-2.23.so
7ff9bfc3b000-7ff9bfc3c000 r--p 00006000 08:01 1988                       /lib/x86_64-linux-gnu/librt-2.23.so
7ff9bfc3c000-7ff9bfc3d000 rw-p 00007000 08:01 1988                       /lib/x86_64-linux-gnu/librt-2.23.so
7ff9bfc3d000-7ff9bfc53000 r-xp 00000000 08:01 1963                       /lib/x86_64-linux-gnu/libgcc_s.so.1
7ff9bfc53000-7ff9bfe52000 ---p 00016000 08:01 1963                       /lib/x86_64-linux-gnu/libgcc_s.so.1
7ff9bfe52000-7ff9bfe53000 rw-p 00015000 08:01 1963                       /lib/x86_64-linux-gnu/libgcc_s.so.1
7ff9bfe53000-7ff9bff5b000 r-xp 00000000 08:01 1966                       /lib/x86_64-linux-gnu/libm-2.23.so
7ff9bff5b000-7ff9c015a000 ---p 00108000 08:01 1966                       /lib/x86_64-linux-gnu/libm-2.23.so
7ff9c015a000-7ff9c015b000 r--p 00107000 08:01 1966                       /lib/x86_64-linux-gnu/libm-2.23.so
7ff9c015b000-7ff9c015c000 rw-p 00108000 08:01 1966                       /lib/x86_64-linux-gnu/libm-2.23.so
7ff9c015c000-7ff9c02ce000 r-xp 00000000 08:01 7958                       /usr/lib/x86_64-linux-gnu/libstdc++.so.6.0.21
7ff9c02ce000-7ff9c04ce000 ---p 00172000 08:01 7958                       /usr/lib/x86_64-linux-gnu/libstdc++.so.6.0.21
7ff9c04ce000-7ff9c04d8000 r--p 00172000 08:01 7958                       /usr/lib/x86_64-linux-gnu/libstdc++.so.6.0.21
7ff9c04d8000-7ff9c04da000 rw-p 0017c000 08:01 7958                       /usr/lib/x86_64-linux-gnu/libstdc++.so.6.0.21
7ff9c04da000-7ff9c04de000 rw-p 00000000 00:00 0 
7ff9c04de000-7ff9c113f000 r-xp 00000000 08:01 586862                     /usr/lib/jvm/java-8-openjdk-amd64/jre/lib/amd64/server/libjvm.so
7ff9c113f000-7ff9c133f000 ---p 00c61000 08:01 586862                     /usr/lib/jvm/java-8-openjdk-amd64/jre/lib/amd64/server/libjvm.so
7ff9c133f000-7ff9c13d3000 r--p 00c61000 08:01 586862                     /usr/lib/jvm/java-8-openjdk-amd64/jre/lib/amd64/server/libjvm.so
7ff9c13d3000-7ff9c13fc000 rw-p 00cf5000 08:01 586862                     /usr/lib/jvm/java-8-openjdk-amd64/jre/lib/amd64/server/libjvm.so
7ff9c13fc000-7ff9c142c000 rw-p 00000000 00:00 0 
7ff9c142c000-7ff9c1444000 r-xp 00000000 08:01 1969                       /lib/x86_64-linux-gnu/libpthread-2.23.so
7ff9c1444000-7ff9c1643000 ---p 00018000 08:01 1969                       /lib/x86_64-linux-gnu/libpthread-2.23.so
7ff9c1643000-7ff9c1644000 r--p 00017000 08:01 1969                       /lib/x86_64-linux-gnu/libpthread-2.23.so
7ff9c1644000-7ff9c1645000 rw-p 00018000 08:01 1969                       /lib/x86_64-linux-gnu/libpthread-2.23.so
7ff9c1645000-7ff9c1649000 rw-p 00000000 00:00 0 
7ff9c1649000-7ff9c164c000 r-xp 00000000 08:01 1972                       /lib/x86_64-linux-gnu/libdl-2.23.so
7ff9c164c000-7ff9c184b000 ---p 00003000 08:01 1972                       /lib/x86_64-linux-gnu/libdl-2.23.so
7ff9c184b000-7ff9c184c000 r--p 00002000 08:01 1972                       /lib/x86_64-linux-gnu/libdl-2.23.so
7ff9c184c000-7ff9c184d000 rw-p 00003000 08:01 1972                       /lib/x86_64-linux-gnu/libdl-2.23.so
7ff9c184d000-7ff9c1866000 r-xp 00000000 08:01 2112                       /lib/x86_64-linux-gnu/libz.so.1.2.8
7ff9c1866000-7ff9c1a65000 ---p 00019000 08:01 2112                       /lib/x86_64-linux-gnu/libz.so.1.2.8
7ff9c1a65000-7ff9c1a66000 r--p 00018000 08:01 2112                       /lib/x86_64-linux-gnu/libz.so.1.2.8
7ff9c1a66000-7ff9c1a67000 rw-p 00019000 08:01 2112                       /lib/x86_64-linux-gnu/libz.so.1.2.8
7ff9c1a67000-7ff9c1c27000 r-xp 00000000 08:01 1970                       /lib/x86_64-linux-gnu/libc-2.23.so
7ff9c1c27000-7ff9c1e27000 ---p 001c0000 08:01 1970                       /lib/x86_64-linux-gnu/libc-2.23.so
7ff9c1e27000-7ff9c1e2b000 r--p 001c0000 08:01 1970                       /lib/x86_64-linux-gnu/libc-2.23.so
7ff9c1e2b000-7ff9c1e2d000 rw-p 001c4000 08:01 1970                       /lib/x86_64-linux-gnu/libc-2.23.so
7ff9c1e2d000-7ff9c1e31000 rw-p 00000000 00:00 0 
7ff9c1e31000-7ff9c1e3e000 r-xp 00000000 08:01 586854                     /usr/lib/jvm/java-8-openjdk-amd64/jre/lib/amd64/jli/libjli.so
7ff9c1e3e000-7ff9c203e000 ---p 0000d000 08:01 586854                     /usr/lib/jvm/java-8-openjdk-amd64/jre/lib/amd64/jli/libjli.so
7ff9c203e000-7ff9c203f000 r--p 0000d000 08:01 586854                     /usr/lib/jvm/java-8-openjdk-amd64/jre/lib/amd64/jli/libjli.so
7ff9c203f000-7ff9c2040000 rw-p 0000e000 08:01 586854                     /usr/lib/jvm/java-8-openjdk-amd64/jre/lib/amd64/jli/libjli.so
7ff9c2040000-7ff9c2066000 r-xp 00000000 08:01 1968                       /lib/x86_64-linux-gnu/ld-2.23.so
7ff9c2066000-7ff9c2068000 r--s 0000a000 08:01 74050                      /usr/share/java/plexus-classworlds2-2.5.2.jar
7ff9c2068000-7ff9c206a000 r--s 00008000 08:01 586816                     /usr/lib/jvm/java-8-openjdk-amd64/jre/lib/ext/sunec.jar
7ff9c206a000-7ff9c206d000 r--s 00038000 08:01 586815                     /usr/lib/jvm/java-8-openjdk-amd64/jre/lib/ext/sunpkcs11.jar
7ff9c206d000-7ff9c206f000 r--s 00001000 08:01 586818                     /usr/lib/jvm/java-8-openjdk-amd64/jre/lib/ext/dnsns.jar
7ff9c206f000-7ff9c2072000 r--s 0000f000 08:01 586822                     /usr/lib/jvm/java-8-openjdk-amd64/jre/lib/ext/icedtea-sound.jar
7ff9c2072000-7ff9c2078000 r--s 0003b000 08:01 586821                     /usr/lib/jvm/java-8-openjdk-amd64/jre/lib/ext/sunjce_provider.jar
7ff9c2078000-7ff9c20be000 rw-p 00000000 00:00 0 
7ff9c20be000-7ff9c2148000 ---p 00000000 00:00 0 
7ff9c2148000-7ff9c214b000 ---p 00000000 00:00 0 
7ff9c214b000-7ff9c224d000 rw-p 00000000 00:00 0 
7ff9c224d000-7ff9c224e000 r--s 00006000 08:01 74134                      /usr/share/java/maven3-repository-metadata-3.3.9.jar
7ff9c224e000-7ff9c224f000 r--s 00010000 08:01 586817                     /usr/lib/jvm/java-8-openjdk-amd64/jre/lib/ext/zipfs.jar
7ff9c224f000-7ff9c2250000 r--s 0000a000 08:01 586819                     /usr/lib/jvm/java-8-openjdk-amd64/jre/lib/ext/jaccess.jar
7ff9c2250000-7ff9c225a000 rw-p 00000000 00:00 0 
7ff9c225a000-7ff9c2262000 rw-s 00000000 08:01 270728                     /tmp/hsperfdata_appneta/14594
7ff9c2262000-7ff9c2263000 rw-p 00000000 00:00 0 
7ff9c2263000-7ff9c2264000 ---p 00000000 00:00 0 
7ff9c2264000-7ff9c2265000 rw-p 00000000 00:00 0 
7ff9c2265000-7ff9c2266000 r--p 00025000 08:01 1968                       /lib/x86_64-linux-gnu/ld-2.23.so
7ff9c2266000-7ff9c2267000 rw-p 00026000 08:01 1968                       /lib/x86_64-linux-gnu/ld-2.23.so
7ff9c2267000-7ff9c2268000 rw-p 00000000 00:00 0 
7ffddc1d7000-7ffddc1f8000 rw-p 00000000 00:00 0                          [stack]
7ffddc1f9000-7ffddc1fc000 r--p 00000000 00:00 0                          [vvar]
7ffddc1fc000-7ffddc1fe000 r-xp 00000000 00:00 0                          [vdso]
ffffffffff600000-ffffffffff601000 r-xp 00000000 00:00 0                  [vsyscall]

VM Arguments:
jvm_args: -Dclassworlds.conf=/usr/share/maven/bin/m2.conf -Dmaven.home=/usr/share/maven -Dmaven.multiModuleProjectDirectory=/home/appneta/AppNetaTest/server 
java_command: org.codehaus.plexus.classworlds.launcher.Launcher package
java_class_path (initial): /usr/share/maven/boot/plexus-classworlds-2.x.jar
Launcher Type: SUN_STANDARD

Environment Variables:
JAVA_HOME=/usr/lib/jvm/java-8-openjdk-amd64
PATH=/home/appneta/bin:/home/appneta/.local/bin:/usr/local/sbin:/usr/local/bin:/usr/sbin:/usr/bin:/sbin:/bin:/usr/games:/usr/local/games:/snap/bin
SHELL=
DISPLAY=:0

Signal Handlers:
SIGSEGV: [libjvm.so+0xa74ca0], sa_mask[0]=11111111011111111101111111111110, sa_flags=SA_RESTART|SA_SIGINFO
SIGBUS: [libjvm.so+0xa74ca0], sa_mask[0]=11111111011111111101111111111110, sa_flags=SA_RESTART|SA_SIGINFO
SIGFPE: [libjvm.so+0x8bbcf0], sa_mask[0]=11111111011111111101111111111110, sa_flags=SA_RESTART|SA_SIGINFO
SIGPIPE: [libjvm.so+0x8bbcf0], sa_mask[0]=11111111011111111101111111111110, sa_flags=SA_RESTART|SA_SIGINFO
SIGXFSZ: [libjvm.so+0x8bbcf0], sa_mask[0]=11111111011111111101111111111110, sa_flags=SA_RESTART|SA_SIGINFO
SIGILL: [libjvm.so+0x8bbcf0], sa_mask[0]=11111111011111111101111111111110, sa_flags=SA_RESTART|SA_SIGINFO
SIGUSR1: SIG_DFL, sa_mask[0]=00000000000000000000000000000000, sa_flags=none
SIGUSR2: [libjvm.so+0x8bbba0], sa_mask[0]=00000000000000000000000000000000, sa_flags=SA_RESTART|SA_SIGINFO
SIGHUP: [libjvm.so+0x8bc230], sa_mask[0]=11111111011111111101111111111110, sa_flags=SA_RESTART|SA_SIGINFO
SIGINT: [libjvm.so+0x8bc230], sa_mask[0]=11111111011111111101111111111110, sa_flags=SA_RESTART|SA_SIGINFO
SIGTERM: [libjvm.so+0x8bc230], sa_mask[0]=11111111011111111101111111111110, sa_flags=SA_RESTART|SA_SIGINFO
SIGQUIT: [libjvm.so+0x8bc230], sa_mask[0]=11111111011111111101111111111110, sa_flags=SA_RESTART|SA_SIGINFO


---------------  S Y S T E M  ---------------

OS:DISTRIB_ID=Ubuntu
DISTRIB_RELEASE=16.04
DISTRIB_CODENAME=xenial
DISTRIB_DESCRIPTION="Ubuntu 16.04.4 LTS"

uname:Linux 4.4.0-116-generic #140-Ubuntu SMP Mon Feb 12 21:23:04 UTC 2018 x86_64
libc:glibc 2.23 NPTL 2.23 
rlimit: STACK 8192k, CORE 0k, NPROC 7911, NOFILE 1048576, AS infinity
load average:1.33 0.54 0.31

/proc/meminfo:
MemTotal:        2048068 kB
MemFree:           73028 kB
MemAvailable:      13484 kB
Buffers:             304 kB
Cached:            30200 kB
SwapCached:            0 kB
Active:          1814196 kB
Inactive:          23560 kB
Active(anon):    1810924 kB
Inactive(anon):    20244 kB
Active(file):       3272 kB
Inactive(file):     3316 kB
Unevictable:        3684 kB
Mlocked:            3684 kB
SwapTotal:             0 kB
SwapFree:              0 kB
Dirty:               140 kB
Writeback:             0 kB
AnonPages:       1811276 kB
Mapped:            22996 kB
Shmem:             21152 kB
Slab:              54644 kB
SReclaimable:      25168 kB
SUnreclaim:        29476 kB
KernelStack:        9040 kB
PageTables:        40124 kB
NFS_Unstable:          0 kB
Bounce:                0 kB
WritebackTmp:          0 kB
CommitLimit:     1024032 kB
Committed_AS:    6179300 kB
VmallocTotal:   34359738367 kB
VmallocUsed:           0 kB
VmallocChunk:          0 kB
HardwareCorrupted:     0 kB
AnonHugePages:    548864 kB
CmaTotal:              0 kB
CmaFree:               0 kB
HugePages_Total:       0
HugePages_Free:        0
HugePages_Rsvd:        0
HugePages_Surp:        0
Hugepagesize:       2048 kB
DirectMap4k:      106432 kB
DirectMap2M:     1990656 kB

container (cgroup) information:
container_type: cgroupv1
cpu_cpuset_cpus: 0-1
cpu_memory_nodes: 0
active_processor_count: 2
cpu_quota: -1
cpu_period: 100000
cpu_shares: -1
memory_limit_in_bytes: -1
memory_and_swap_limit_in_bytes: -2
memory_soft_limit_in_bytes: -1
memory_usage_in_bytes: 1731207168
memory_max_usage_in_bytes: 1751785472


CPU:total 2 (initial active 2) (2 cores per cpu, 1 threads per core) family 6 model 94 stepping 3, cmov, cx8, fxsr, mmx, sse, sse2, sse3, ssse3, sse4.1, sse4.2, popcnt, avx, avx2, aes, clmul, 3dnowpref, lzcnt, tsc, tscinvbit

/proc/cpuinfo:
processor	: 0
vendor_id	: GenuineIntel
cpu family	: 6
model		: 94
model name	: Intel(R) Core(TM) i7-6700K CPU @ 4.00GHz
stepping	: 3
cpu MHz		: 4008.000
cache size	: 8192 KB
physical id	: 0
siblings	: 2
core id		: 0
cpu cores	: 2
apicid		: 0
initial apicid	: 0
fpu		: yes
fpu_exception	: yes
cpuid level	: 22
wp		: yes
flags		: fpu vme de pse tsc msr pae mce cx8 apic sep mtrr pge mca cmov pat pse36 clflush mmx fxsr sse sse2 ht syscall nx rdtscp lm constant_tsc rep_good nopl xtopology nonstop_tsc pni pclmulqdq ssse3 cx16 pcid sse4_1 sse4_2 x2apic movbe popcnt aes xsave avx rdrand hypervisor lahf_lm abm 3dnowprefetch invpcid_single retpoline kaiser fsgsbase avx2 invpcid rdseed clflushopt
bugs		: cpu_meltdown spectre_v1 spectre_v2
bogomips	: 8016.00
clflush size	: 64
cache_alignment	: 64
address sizes	: 39 bits physical, 48 bits virtual
power management:

processor	: 1
vendor_id	: GenuineIntel
cpu family	: 6
model		: 94
model name	: Intel(R) Core(TM) i7-6700K CPU @ 4.00GHz
stepping	: 3
cpu MHz		: 4008.000
cache size	: 8192 KB
physical id	: 0
siblings	: 2
core id		: 1
cpu cores	: 2
apicid		: 1
initial apicid	: 1
fpu		: yes
fpu_exception	: yes
cpuid level	: 22
wp		: yes
flags		: fpu vme de pse tsc msr pae mce cx8 apic sep mtrr pge mca cmov pat pse36 clflush mmx fxsr sse sse2 ht syscall nx rdtscp lm constant_tsc rep_good nopl xtopology nonstop_tsc pni pclmulqdq ssse3 cx16 pcid sse4_1 sse4_2 x2apic movbe popcnt aes xsave avx rdrand hypervisor lahf_lm abm 3dnowprefetch invpcid_single retpoline kaiser fsgsbase avx2 invpcid rdseed clflushopt
bugs		: cpu_meltdown spectre_v1 spectre_v2
bogomips	: 8016.00
clflush size	: 64
cache_alignment	: 64
address sizes	: 39 bits physical, 48 bits virtual
power management:



Memory: 4k page, physical 2048068k(73600k free), swap 0k(0k free)

vm_info: OpenJDK 64-Bit Server VM (25.191-b12) for linux-amd64 JRE (1.8.0_191-8u191-b12-2ubuntu0.16.04.1-b12), built on Jan 14 2019 21:59:52 by "buildd" with gcc 5.4.0 20160609

time: Tue May  7 00:58:13 2019
elapsed time: 8 seconds (0d 0h 0m 8s)

